<?xml version="1.0" encoding="UTF-8"?>
<!-- Generated by org.testng.reporters.JUnitReportReporter -->
<testsuite skipped="0" hostname="DESKTOP-0JTJ50A" name="Testing_SparkXYZ._Dec.BaseCase" tests="1" failures="0" timestamp="11 Dec 2017 07:21:11 GMT" time="7.905" errors="0">
  <testcase name="beforeSuite" time="7.905" classname="Testing_SparkXYZ._Dec.BaseCase"/>
</testsuite> <!-- Testing_SparkXYZ._Dec.BaseCase -->
