<?xml version="1.0" encoding="UTF-8"?>
<!-- Generated by org.testng.reporters.JUnitReportReporter -->
<testsuite skipped="0" hostname="DESKTOP-0JTJ50A" name="suites.sanity.Test_Users" tests="2" failures="0" timestamp="15 Dec 2017 13:23:56 GMT" time="202.914" errors="0">
  <testcase name="Test_LoginValidation" time="53.143" classname="suites.sanity.Test_Users"/>
  <testcase name="Test_OnboardValidation" time="149.771" classname="suites.sanity.Test_Users"/>
</testsuite> <!-- suites.sanity.Test_Users -->
