<?xml version="1.0" encoding="UTF-8"?>
<!-- Generated by org.testng.reporters.JUnitReportReporter -->
<testsuite skipped="2" hostname="DESKTOP-0JTJ50A" name="suites.sanity.Test_Users" tests="4" failures="0" timestamp="25 Jan 2018 12:01:33 GMT" time="205.244" errors="0">
  <testcase name="Test_LoginValidation" time="117.997" classname="suites.sanity.Test_Users"/>
  <testcase name="Test_UserProfile" time="87.247" classname="suites.sanity.Test_Users"/>
  <testcase name="Test_VentureCreation" classname="suites.sanity.Test_Users">
    <skipped/>
  </testcase> <!-- Test_VentureCreation -->
  <testcase name="Test_OnboardValidation" classname="suites.sanity.Test_Users">
    <skipped/>
  </testcase> <!-- Test_OnboardValidation -->
</testsuite> <!-- suites.sanity.Test_Users -->
