<?xml version="1.0" encoding="UTF-8"?>
<!-- Generated by org.testng.reporters.JUnitReportReporter -->
<testsuite skipped="1" hostname="DESKTOP-0JTJ50A" name="suites.sanity.Test_Users" tests="3" failures="0" timestamp="05 Jan 2018 10:44:53 GMT" time="290.888" errors="0">
  <testcase name="Test_LoginValidation" time="64.778" classname="suites.sanity.Test_Users"/>
  <testcase name="Test_VentureCreation" time="226.110" classname="suites.sanity.Test_Users"/>
  <testcase name="Test_OnboardValidation" classname="suites.sanity.Test_Users">
    <skipped/>
  </testcase> <!-- Test_OnboardValidation -->
</testsuite> <!-- suites.sanity.Test_Users -->
