<?xml version="1.0" encoding="UTF-8"?>
<!-- Generated by org.testng.reporters.JUnitReportReporter -->
<testsuite skipped="1" hostname="DESKTOP-0JTJ50A" name="suites.sanity.Test_Users" tests="8" failures="0" timestamp="01 Mar 2018 11:27:45 GMT" time="1360.088" errors="0">
  <testcase name="Test_LoginValidation" time="59.490" classname="suites.sanity.Test_Users"/>
  <testcase name="Test_OnboardValidation" time="189.100" classname="suites.sanity.Test_Users"/>
  <testcase name="Test_VentureCreation" time="340.031" classname="suites.sanity.Test_Users"/>
  <testcase name="Test_UserProfile" time="242.404" classname="suites.sanity.Test_Users"/>
  <testcase name="Test_VenturePage" time="214.371" classname="suites.sanity.Test_Users"/>
  <testcase name="Test_NetworkPage" time="182.995" classname="suites.sanity.Test_Users"/>
  <testcase name="Test_SearchPage" time="131.697" classname="suites.sanity.Test_Users"/>
  <testcase name="Test_AdminPortal" classname="suites.sanity.Test_Users">
    <skipped/>
  </testcase> <!-- Test_AdminPortal -->
</testsuite> <!-- suites.sanity.Test_Users -->
